2024-12-05 13:24:28 [INFO ] (src/common/logger.c:56 - init_logger) Logger initialized with minimum level: INFO
2024-12-05 13:24:28 [INFO ] (src/client/main.c:100 - main) TradeSynth Client Starting...
2024-12-05 13:24:28 [INFO ] (src/client/client.c:85 - initialize_client) Client context initialized successfully
2024-12-05 13:24:28 [INFO ] (src/client/main.c:18 - on_connect) Connected to server
2024-12-05 13:24:28 [INFO ] (src/client/client.c:139 - connect_to_server) Connected to server localhost:8080
2024-12-05 13:24:35 [INFO ] (src/client/client.c:197 - request_market_data) Requested market data for symbol: GOOG
2024-12-05 13:24:40 [INFO ] (src/client/main.c:135 - main) User requested to exit
2024-12-05 19:13:11 [INFO ] (src/common/logger.c:56 - init_logger) Logger initialized with minimum level: DEBUG
2024-12-05 19:13:11 [INFO ] (examples/message_examples/example_client.c:221 - main) Starting example client...
2024-12-05 19:13:11 [INFO ] (src/client/client.c:95 - initialize_client) Client context initialized successfully
2024-12-05 19:13:11 [INFO ] (examples/message_examples/example_client.c:12 - on_connect) Connected to server
2024-12-05 19:13:11 [INFO ] (src/client/client.c:159 - connect_to_server) Connected to server localhost:8080
2024-12-05 19:13:11 [INFO ] (examples/message_examples/example_client.c:251 - main) Connected to server, sending messages...
2024-12-05 19:13:11 [ERROR] (examples/message_examples/example_client.c:45 - send_and_receive) Failed to send message
2024-12-05 20:24:47 [INFO ] (src/common/logger.c:56 - init_logger) Logger initialized with minimum level: INFO
2024-12-05 20:24:47 [INFO ] (src/client/main.c:100 - main) TradeSynth Client Starting...
2024-12-05 20:24:47 [INFO ] (src/client/client.c:95 - initialize_client) Client context initialized successfully
2024-12-05 20:24:47 [INFO ] (src/client/main.c:18 - on_connect) Connected to server
2024-12-05 20:24:47 [INFO ] (src/client/client.c:159 - connect_to_server) Connected to server localhost:8080
2024-12-05 20:24:47 [ERROR] (src/client/client.c:17 - message_receiver_thread) Error receiving from server: Connection refused
2024-12-05 20:24:47 [INFO ] (src/client/main.c:23 - on_disconnect) Disconnected from server
2024-12-05 20:26:53 [INFO ] (src/common/logger.c:56 - init_logger) Logger initialized with minimum level: DEBUG
2024-12-05 20:26:53 [INFO ] (examples/trading_communication/example_client.c:28 - main) Starting trading example client...
2024-12-05 20:26:53 [INFO ] (src/client/client.c:95 - initialize_client) Client context initialized successfully
2024-12-05 20:26:53 [INFO ] (examples/trading_communication/example_client.c:12 - on_connect) Connected to server
2024-12-05 20:26:53 [INFO ] (src/client/client.c:159 - connect_to_server) Connected to server localhost:8080
2024-12-05 20:26:53 [ERROR] (examples/trading_communication/example_client.c:74 - main) Failed to send order
2024-12-05 20:26:53 [INFO ] (src/client/client.c:185 - disconnect_from_server) Disconnected from server
2024-12-05 20:26:53 [INFO ] (src/client/client.c:199 - cleanup_client) Client resources cleaned up
2024-12-05 20:27:13 [INFO ] (src/common/logger.c:56 - init_logger) Logger initialized with minimum level: DEBUG
2024-12-05 20:27:13 [INFO ] (examples/trading_communication/example_client.c:28 - main) Starting trading example client...
2024-12-05 20:27:13 [INFO ] (src/client/client.c:95 - initialize_client) Client context initialized successfully
2024-12-05 20:27:13 [INFO ] (examples/trading_communication/example_client.c:12 - on_connect) Connected to server
2024-12-05 20:27:13 [INFO ] (src/client/client.c:159 - connect_to_server) Connected to server localhost:8080
2024-12-05 20:27:13 [INFO ] (examples/trading_communication/example_client.c:79 - main) Sent order: ID=12345, Symbol=AAPL, Price=150.50, Quantity=100, Side=BUY
2024-12-05 20:27:14 [INFO ] (src/client/client.c:185 - disconnect_from_server) Disconnected from server
2024-12-05 20:27:14 [INFO ] (src/client/client.c:199 - cleanup_client) Client resources cleaned up
2024-12-05 20:27:14 [INFO ] (examples/trading_communication/example_client.c:89 - main) Client shutdown complete
2024-12-05 20:27:41 [INFO ] (src/common/logger.c:56 - init_logger) Logger initialized with minimum level: INFO
2024-12-05 20:27:41 [INFO ] (src/client/main.c:100 - main) TradeSynth Client Starting...
2024-12-05 20:27:41 [INFO ] (src/client/client.c:95 - initialize_client) Client context initialized successfully
2024-12-05 20:27:41 [INFO ] (src/client/main.c:18 - on_connect) Connected to server
2024-12-05 20:27:41 [INFO ] (src/client/client.c:159 - connect_to_server) Connected to server localhost:8080
2024-12-05 20:27:44 [INFO ] (src/client/client.c:225 - request_market_data) Requested market data for symbol: GOOG
2024-12-05 20:27:54 [INFO ] (src/client/main.c:135 - main) User requested to exit
2024-12-05 20:27:54 [INFO ] (src/client/main.c:23 - on_disconnect) Disconnected from server
2024-12-05 20:27:54 [INFO ] (src/client/client.c:185 - disconnect_from_server) Disconnected from server
2024-12-05 20:27:54 [INFO ] (src/client/client.c:199 - cleanup_client) Client resources cleaned up
2024-12-05 20:27:54 [INFO ] (src/common/logger.c:128 - close_logger) Closing logger
2024-12-05 20:28:04 [INFO ] (src/common/logger.c:56 - init_logger) Logger initialized with minimum level: DEBUG
2024-12-05 20:28:04 [INFO ] (examples/message_examples/example_client.c:221 - main) Starting example client...
2024-12-05 20:28:04 [INFO ] (src/client/client.c:95 - initialize_client) Client context initialized successfully
2024-12-05 20:28:04 [INFO ] (examples/message_examples/example_client.c:12 - on_connect) Connected to server
2024-12-05 20:28:04 [INFO ] (src/client/client.c:159 - connect_to_server) Connected to server localhost:8080
2024-12-05 20:28:04 [INFO ] (examples/message_examples/example_client.c:251 - main) Connected to server, sending messages...
2024-12-05 20:28:04 [INFO ] (examples/message_examples/example_client.c:49 - send_and_receive) Sent message type 2, sequence 1
2024-12-05 20:28:04 [INFO ] (examples/message_examples/example_client.c:49 - send_and_receive) Sent message type 2, sequence 2
2024-12-05 20:28:04 [INFO ] (examples/message_examples/example_client.c:49 - send_and_receive) Sent message type 6, sequence 3
2024-12-05 20:28:04 [INFO ] (examples/message_examples/example_client.c:49 - send_and_receive) Sent message type 6, sequence 4
2024-12-05 20:28:04 [INFO ] (examples/message_examples/example_client.c:49 - send_and_receive) Sent message type 7, sequence 5
2024-12-05 20:28:04 [INFO ] (examples/message_examples/example_client.c:49 - send_and_receive) Sent message type 7, sequence 6
2024-12-05 20:28:04 [ERROR] (examples/message_examples/example_client.c:40 - send_and_receive) Failed to serialize message
2024-12-05 20:28:04 [ERROR] (examples/message_examples/example_client.c:40 - send_and_receive) Failed to serialize message
2024-12-05 20:28:04 [INFO ] (examples/message_examples/example_client.c:16 - on_disconnect) Disconnected from server
2024-12-05 20:28:04 [INFO ] (src/client/client.c:185 - disconnect_from_server) Disconnected from server
2024-12-05 20:28:04 [INFO ] (src/client/client.c:199 - cleanup_client) Client resources cleaned up
2024-12-05 20:28:04 [INFO ] (examples/message_examples/example_client.c:259 - main) Client shutdown complete
2024-12-05 20:28:54 [INFO ] (src/common/logger.c:56 - init_logger) Logger initialized with minimum level: INFO
2024-12-05 20:28:54 [INFO ] (src/client/main.c:100 - main) TradeSynth Client Starting...
2024-12-05 20:28:54 [INFO ] (src/client/client.c:95 - initialize_client) Client context initialized successfully
2024-12-05 20:28:54 [INFO ] (src/client/main.c:18 - on_connect) Connected to server
2024-12-05 20:28:54 [INFO ] (src/client/client.c:159 - connect_to_server) Connected to server localhost:8080
2024-12-05 20:28:59 [INFO ] (src/client/client.c:225 - request_market_data) Requested market data for symbol: GOOG
2024-12-05 20:29:06 [INFO ] (src/client/client.c:225 - request_market_data) Requested market data for symbol: AMZN
2024-12-05 20:29:15 [INFO ] (src/client/client.c:225 - request_market_data) Requested market data for symbol: what
2024-12-05 20:29:19 [INFO ] (src/client/client.c:225 - request_market_data) Requested market data for symbol: sup
2024-12-05 20:29:21 [INFO ] (src/client/main.c:135 - main) User requested to exit
2024-12-05 20:29:21 [INFO ] (src/client/main.c:23 - on_disconnect) Disconnected from server
2024-12-05 20:29:21 [INFO ] (src/client/client.c:185 - disconnect_from_server) Disconnected from server
2024-12-05 20:29:21 [INFO ] (src/client/client.c:199 - cleanup_client) Client resources cleaned up
2024-12-05 20:29:21 [INFO ] (src/common/logger.c:128 - close_logger) Closing logger
